app/build/intermediates/manifest_merge_blame_file/debug/manifest-merger-blame-debug-report.txt
1<?xml version="1.0" encoding="utf-8"?>
2<manifest xmlns:android="http://schemas.android.com/apk/res/android"
3    package="com.yng.appmascotas"
4    android:versionCode="1"
5    android:versionName="1.0" >
6
7    <uses-sdk
8        android:minSdkVersion="16"
8-->src\main\AndroidManifest.xml
9        android:targetSdkVersion="30" />
9-->src\main\AndroidManifest.xml
10
11    <uses-permission android:name="android.permission.INTERNET" />
11-->src\main\AndroidManifest.xml:5:5-67
11-->src\main\AndroidManifest.xml:5:22-64
12    <uses-permission android:name="android.permission.ACCESS_NETWORK_STATE" />
12-->[com.google.firebase:firebase-iid:21.0.0] AndroidManifest.xml:22:5-79
12-->[com.google.firebase:firebase-iid:21.0.0] AndroidManifest.xml:22:22-76
13    <uses-permission android:name="android.permission.WAKE_LOCK" /> <!-- Required by older versions of Google Play services to create IID tokens -->
13-->[com.google.firebase:firebase-iid:21.0.0] AndroidManifest.xml:24:5-68
13-->[com.google.firebase:firebase-iid:21.0.0] AndroidManifest.xml:24:22-65
14    <uses-permission android:name="com.google.android.c2dm.permission.RECEIVE" />
14-->[com.google.firebase:firebase-iid:21.0.0] AndroidManifest.xml:26:5-82
14-->[com.google.firebase:firebase-iid:21.0.0] AndroidManifest.xml:26:22-79
15
16    <application
16-->src\main\AndroidManifest.xml:8:5-86:19
17        android:allowBackup="true"
17-->src\main\AndroidManifest.xml:9:9-35
18        android:appComponentFactory="androidx.core.app.CoreComponentFactory"
18-->[androidx.core:core:1.3.1] AndroidManifest.xml:24:18-86
19        android:debuggable="true"
20        android:icon="@mipmap/ic_launcher"
20-->src\main\AndroidManifest.xml:10:9-43
21        android:label="@string/app_name"
21-->src\main\AndroidManifest.xml:11:9-41
22        android:roundIcon="@mipmap/ic_launcher_round"
22-->src\main\AndroidManifest.xml:12:9-54
23        android:supportsRtl="true"
23-->src\main\AndroidManifest.xml:13:9-35
24        android:testOnly="true"
25        android:theme="@style/AppTheme" >
25-->src\main\AndroidManifest.xml:14:9-40
26        <activity
26-->src\main\AndroidManifest.xml:16:9-24:20
27            android:name="com.yng.appmascotas.SelCuentaInstagram"
27-->src\main\AndroidManifest.xml:17:13-47
28            android:parentActivityName="com.yng.appmascotas.MainActivity" >
28-->src\main\AndroidManifest.xml:18:13-55
29
30            <!-- Soporte para versiones 4.0 om menores -->
31            <meta-data
31-->src\main\AndroidManifest.xml:21:13-23:49
32                android:name="android.support.PARENT_ACTIVITY"
32-->src\main\AndroidManifest.xml:22:17-63
33                android:value=".MainActivity" />
33-->src\main\AndroidManifest.xml:23:17-46
34        </activity>
35        <activity
35-->src\main\AndroidManifest.xml:26:9-34:20
36            android:name="com.yng.appmascotas.MyBioActivity"
36-->src\main\AndroidManifest.xml:27:13-42
37            android:parentActivityName="com.yng.appmascotas.MainActivity" >
37-->src\main\AndroidManifest.xml:28:13-55
38
39            <!-- Soporte para versiones 4.0 om menores -->
40            <meta-data
40-->src\main\AndroidManifest.xml:21:13-23:49
41                android:name="android.support.PARENT_ACTIVITY"
41-->src\main\AndroidManifest.xml:22:17-63
42                android:value=".MainActivity" />
42-->src\main\AndroidManifest.xml:23:17-46
43        </activity>
44        <activity
44-->src\main\AndroidManifest.xml:35:9-43:20
45            android:name="com.yng.appmascotas.ContactoActivity"
45-->src\main\AndroidManifest.xml:36:13-45
46            android:parentActivityName="com.yng.appmascotas.MainActivity" >
46-->src\main\AndroidManifest.xml:37:13-55
47
48            <!-- Soporte para versiones 4.0 om menores -->
49            <meta-data
49-->src\main\AndroidManifest.xml:21:13-23:49
50                android:name="android.support.PARENT_ACTIVITY"
50-->src\main\AndroidManifest.xml:22:17-63
51                android:value=".MainActivity" />
51-->src\main\AndroidManifest.xml:23:17-46
52        </activity>
53        <activity
53-->src\main\AndroidManifest.xml:44:9-52:20
54            android:name="com.yng.appmascotas.RaitingMascotas"
54-->src\main\AndroidManifest.xml:45:13-44
55            android:parentActivityName="com.yng.appmascotas.MainActivity" >
55-->src\main\AndroidManifest.xml:46:13-55
56
57            <!-- Soporte para versiones 4.0 om menores -->
58            <meta-data
58-->src\main\AndroidManifest.xml:21:13-23:49
59                android:name="android.support.PARENT_ACTIVITY"
59-->src\main\AndroidManifest.xml:22:17-63
60                android:value=".MainActivity" />
60-->src\main\AndroidManifest.xml:23:17-46
61        </activity>
62        <activity android:name="com.yng.appmascotas.MainActivity" >
62-->src\main\AndroidManifest.xml:53:9-59:20
62-->src\main\AndroidManifest.xml:53:19-47
63            <intent-filter>
63-->src\main\AndroidManifest.xml:54:13-58:29
64                <action android:name="android.intent.action.MAIN" />
64-->src\main\AndroidManifest.xml:55:17-69
64-->src\main\AndroidManifest.xml:55:25-66
65
66                <category android:name="android.intent.category.LAUNCHER" />
66-->src\main\AndroidManifest.xml:57:17-77
66-->src\main\AndroidManifest.xml:57:27-74
67            </intent-filter>
68        </activity>
69
70        <service
70-->src\main\AndroidManifest.xml:61:9-67:19
71            android:name="com.yng.appmascotas.MyFirebaseMessagingService"
71-->src\main\AndroidManifest.xml:62:13-55
72            android:exported="false" >
72-->src\main\AndroidManifest.xml:63:13-37
73            <intent-filter>
73-->src\main\AndroidManifest.xml:64:13-66:29
74                <action android:name="com.google.firebase.MESSAGING_EVENT" />
74-->src\main\AndroidManifest.xml:65:17-78
74-->src\main\AndroidManifest.xml:65:25-75
75            </intent-filter>
76        </service>
77
78        <receiver android:name="com.yng.appmascotas.actions.VerFotosCuenta" >
78-->src\main\AndroidManifest.xml:69:9-73:20
78-->src\main\AndroidManifest.xml:69:19-57
79            <intent-filter>
79-->src\main\AndroidManifest.xml:70:13-72:29
80                <action android:name="VER_FOTOS_CUENTA" />
80-->src\main\AndroidManifest.xml:71:17-58
80-->src\main\AndroidManifest.xml:71:25-56
81            </intent-filter>
82        </receiver>
83        <receiver android:name="com.yng.appmascotas.actions.CambiarUsuario" >
83-->src\main\AndroidManifest.xml:75:9-79:20
83-->src\main\AndroidManifest.xml:75:19-57
84            <intent-filter>
84-->src\main\AndroidManifest.xml:76:13-78:29
85                <action android:name="CAMBIAR_USUARIO" />
85-->src\main\AndroidManifest.xml:77:17-57
85-->src\main\AndroidManifest.xml:77:25-55
86            </intent-filter>
87        </receiver>
88        <receiver android:name="com.yng.appmascotas.actions.DarLikeOtra" >
88-->src\main\AndroidManifest.xml:81:9-85:20
88-->src\main\AndroidManifest.xml:81:19-54
89            <intent-filter>
89-->src\main\AndroidManifest.xml:82:13-84:29
90                <action android:name="DAR_LIKE_OTRA" />
90-->src\main\AndroidManifest.xml:83:17-55
90-->src\main\AndroidManifest.xml:83:25-53
91            </intent-filter>
92        </receiver>
93
94        <provider
94-->[com.squareup.picasso:picasso:2.71828] AndroidManifest.xml:8:9-11:40
95            android:name="com.squareup.picasso.PicassoProvider"
95-->[com.squareup.picasso:picasso:2.71828] AndroidManifest.xml:9:13-64
96            android:authorities="com.yng.appmascotas.com.squareup.picasso"
96-->[com.squareup.picasso:picasso:2.71828] AndroidManifest.xml:10:13-72
97            android:exported="false" />
97-->[com.squareup.picasso:picasso:2.71828] AndroidManifest.xml:11:13-37
98        <!--
99             FirebaseMessagingService performs security checks at runtime,
100             but set to not exported to explicitly avoid allowing another app to call it.
101        -->
102        <service
102-->[com.google.firebase:firebase-messaging:21.0.0] AndroidManifest.xml:28:9-35:19
103            android:name="com.google.firebase.messaging.FirebaseMessagingService"
103-->[com.google.firebase:firebase-messaging:21.0.0] AndroidManifest.xml:29:13-82
104            android:directBootAware="true"
104-->[com.google.firebase:firebase-messaging:21.0.0] AndroidManifest.xml:30:13-43
105            android:exported="false" >
105-->[com.google.firebase:firebase-messaging:21.0.0] AndroidManifest.xml:31:13-37
106            <intent-filter android:priority="-500" >
106-->src\main\AndroidManifest.xml:64:13-66:29
107                <action android:name="com.google.firebase.MESSAGING_EVENT" />
107-->src\main\AndroidManifest.xml:65:17-78
107-->src\main\AndroidManifest.xml:65:25-75
108            </intent-filter>
109        </service>
110        <service
110-->[com.google.firebase:firebase-messaging:21.0.0] AndroidManifest.xml:36:9-42:19
111            android:name="com.google.firebase.components.ComponentDiscoveryService"
111-->[com.google.firebase:firebase-messaging:21.0.0] AndroidManifest.xml:37:13-84
112            android:directBootAware="true"
112-->[com.google.firebase:firebase-common:19.3.0] AndroidManifest.xml:34:13-43
113            android:exported="false" >
113-->[com.google.firebase:firebase-messaging:21.0.0] AndroidManifest.xml:38:13-37
114            <meta-data
114-->[com.google.firebase:firebase-messaging:21.0.0] AndroidManifest.xml:39:13-41:85
115                android:name="com.google.firebase.components:com.google.firebase.messaging.FirebaseMessagingRegistrar"
115-->[com.google.firebase:firebase-messaging:21.0.0] AndroidManifest.xml:40:17-119
116                android:value="com.google.firebase.components.ComponentRegistrar" />
116-->[com.google.firebase:firebase-messaging:21.0.0] AndroidManifest.xml:41:17-82
117            <meta-data
117-->[com.google.firebase:firebase-iid:21.0.0] AndroidManifest.xml:32:13-34:85
118                android:name="com.google.firebase.components:com.google.firebase.iid.Registrar"
118-->[com.google.firebase:firebase-iid:21.0.0] AndroidManifest.xml:33:17-96
119                android:value="com.google.firebase.components.ComponentRegistrar" />
119-->[com.google.firebase:firebase-iid:21.0.0] AndroidManifest.xml:34:17-82
120            <meta-data
120-->[com.google.firebase:firebase-datatransport:17.0.3] AndroidManifest.xml:28:13-30:85
121                android:name="com.google.firebase.components:com.google.firebase.datatransport.TransportRegistrar"
121-->[com.google.firebase:firebase-datatransport:17.0.3] AndroidManifest.xml:29:17-115
122                android:value="com.google.firebase.components.ComponentRegistrar" />
122-->[com.google.firebase:firebase-datatransport:17.0.3] AndroidManifest.xml:30:17-82
123            <meta-data
123-->[com.google.firebase:firebase-installations:16.3.3] AndroidManifest.xml:17:13-19:85
124                android:name="com.google.firebase.components:com.google.firebase.installations.FirebaseInstallationsRegistrar"
124-->[com.google.firebase:firebase-installations:16.3.3] AndroidManifest.xml:18:17-127
125                android:value="com.google.firebase.components.ComponentRegistrar" />
125-->[com.google.firebase:firebase-installations:16.3.3] AndroidManifest.xml:19:17-82
126        </service>
127
128        <receiver
128-->[com.google.firebase:firebase-iid:21.0.0] AndroidManifest.xml:37:9-44:20
129            android:name="com.google.firebase.iid.FirebaseInstanceIdReceiver"
129-->[com.google.firebase:firebase-iid:21.0.0] AndroidManifest.xml:38:13-78
130            android:exported="true"
130-->[com.google.firebase:firebase-iid:21.0.0] AndroidManifest.xml:39:13-36
131            android:permission="com.google.android.c2dm.permission.SEND" >
131-->[com.google.firebase:firebase-iid:21.0.0] AndroidManifest.xml:40:13-73
132            <intent-filter>
132-->[com.google.firebase:firebase-iid:21.0.0] AndroidManifest.xml:41:13-43:29
133                <action android:name="com.google.android.c2dm.intent.RECEIVE" />
133-->[com.google.firebase:firebase-iid:21.0.0] AndroidManifest.xml:42:17-81
133-->[com.google.firebase:firebase-iid:21.0.0] AndroidManifest.xml:42:25-78
134            </intent-filter>
135        </receiver>
136
137        <provider
137-->[com.google.firebase:firebase-common:19.3.0] AndroidManifest.xml:26:9-30:39
138            android:name="com.google.firebase.provider.FirebaseInitProvider"
138-->[com.google.firebase:firebase-common:19.3.0] AndroidManifest.xml:27:13-77
139            android:authorities="com.yng.appmascotas.firebaseinitprovider"
139-->[com.google.firebase:firebase-common:19.3.0] AndroidManifest.xml:28:13-72
140            android:exported="false"
140-->[com.google.firebase:firebase-common:19.3.0] AndroidManifest.xml:29:13-37
141            android:initOrder="100" />
141-->[com.google.firebase:firebase-common:19.3.0] AndroidManifest.xml:30:13-36
142
143        <activity
143-->[com.google.android.gms:play-services-base:17.0.0] AndroidManifest.xml:23:9-26:75
144            android:name="com.google.android.gms.common.api.GoogleApiActivity"
144-->[com.google.android.gms:play-services-base:17.0.0] AndroidManifest.xml:24:13-79
145            android:exported="false"
145-->[com.google.android.gms:play-services-base:17.0.0] AndroidManifest.xml:25:13-37
146            android:theme="@android:style/Theme.Translucent.NoTitleBar" />
146-->[com.google.android.gms:play-services-base:17.0.0] AndroidManifest.xml:26:13-72
147
148        <meta-data
148-->[com.google.android.gms:play-services-basement:17.0.0] AndroidManifest.xml:23:9-25:69
149            android:name="com.google.android.gms.version"
149-->[com.google.android.gms:play-services-basement:17.0.0] AndroidManifest.xml:24:13-58
150            android:value="@integer/google_play_services_version" />
150-->[com.google.android.gms:play-services-basement:17.0.0] AndroidManifest.xml:25:13-66
151
152        <service
152-->[com.google.android.datatransport:transport-backend-cct:2.2.0] AndroidManifest.xml:29:9-35:19
153            android:name="com.google.android.datatransport.runtime.backends.TransportBackendDiscovery"
153-->[com.google.android.datatransport:transport-backend-cct:2.2.0] AndroidManifest.xml:30:13-103
154            android:exported="false" >
154-->[com.google.android.datatransport:transport-backend-cct:2.2.0] AndroidManifest.xml:31:13-37
155            <meta-data
155-->[com.google.android.datatransport:transport-backend-cct:2.2.0] AndroidManifest.xml:32:13-34:39
156                android:name="backend:com.google.android.datatransport.cct.CctBackendFactory"
156-->[com.google.android.datatransport:transport-backend-cct:2.2.0] AndroidManifest.xml:33:17-94
157                android:value="cct" />
157-->[com.google.android.datatransport:transport-backend-cct:2.2.0] AndroidManifest.xml:34:17-36
158        </service>
159        <service
159-->[com.google.android.datatransport:transport-runtime:2.2.0] AndroidManifest.xml:26:9-30:19
160            android:name="com.google.android.datatransport.runtime.scheduling.jobscheduling.JobInfoSchedulerService"
160-->[com.google.android.datatransport:transport-runtime:2.2.0] AndroidManifest.xml:27:13-117
161            android:exported="false"
161-->[com.google.android.datatransport:transport-runtime:2.2.0] AndroidManifest.xml:28:13-37
162            android:permission="android.permission.BIND_JOB_SERVICE" >
162-->[com.google.android.datatransport:transport-runtime:2.2.0] AndroidManifest.xml:29:13-69
163        </service>
164
165        <receiver
165-->[com.google.android.datatransport:transport-runtime:2.2.0] AndroidManifest.xml:32:9-34:40
166            android:name="com.google.android.datatransport.runtime.scheduling.jobscheduling.AlarmManagerSchedulerBroadcastReceiver"
166-->[com.google.android.datatransport:transport-runtime:2.2.0] AndroidManifest.xml:33:13-132
167            android:exported="false" />
167-->[com.google.android.datatransport:transport-runtime:2.2.0] AndroidManifest.xml:34:13-37
168    </application>
169
170</manifest>